  analysis.c
  bitrate.c
  block.c
..\..\..\lib\block.c(256): warning C4456: a declaração de 'i' oculta uma declaração local anterior
  ..\..\..\lib\block.c(172): note: consulte a declaração de 'i'
..\..\..\lib\block.c(1029): warning C4456: a declaração de 'i' oculta uma declaração local anterior
  ..\..\..\lib\block.c(972): note: consulte a declaração de 'i'
  codebook.c
  envelope.c
  floor0.c
  floor1.c
..\..\..\lib\floor1.c(497): warning C4457: a declaração de 'a' oculta um parâmetro de função
  ..\..\..\lib\floor1.c(457): note: consulte a declaração de 'a'
..\..\..\lib\floor1.c(714): warning C4456: a declaração de 'y0' oculta uma declaração local anterior
  ..\..\..\lib\floor1.c(613): note: consulte a declaração de 'y0'
..\..\..\lib\floor1.c(715): warning C4456: a declaração de 'y1' oculta uma declaração local anterior
  ..\..\..\lib\floor1.c(614): note: consulte a declaração de 'y1'
  info.c
..\..\..\lib\info.c(62): warning C4996: 'strcpy': This function or variable may be unsafe. Consider using strcpy_s instead. To disable deprecation, use _CRT_SECURE_NO_WARNINGS. See online help for details.
..\..\..\lib\info.c(69): warning C4996: 'strcpy': This function or variable may be unsafe. Consider using strcpy_s instead. To disable deprecation, use _CRT_SECURE_NO_WARNINGS. See online help for details.
..\..\..\lib\info.c(70): warning C4996: 'strcat': This function or variable may be unsafe. Consider using strcat_s instead. To disable deprecation, use _CRT_SECURE_NO_WARNINGS. See online help for details.
..\..\..\lib\info.c(71): warning C4996: 'strcat': This function or variable may be unsafe. Consider using strcat_s instead. To disable deprecation, use _CRT_SECURE_NO_WARNINGS. See online help for details.
..\..\..\lib\info.c(93): warning C4996: 'strcpy': This function or variable may be unsafe. Consider using strcpy_s instead. To disable deprecation, use _CRT_SECURE_NO_WARNINGS. See online help for details.
..\..\..\lib\info.c(94): warning C4996: 'strcat': This function or variable may be unsafe. Consider using strcat_s instead. To disable deprecation, use _CRT_SECURE_NO_WARNINGS. See online help for details.
..\..\..\lib\info.c(112): warning C4996: 'strcpy': This function or variable may be unsafe. Consider using strcpy_s instead. To disable deprecation, use _CRT_SECURE_NO_WARNINGS. See online help for details.
..\..\..\lib\info.c(113): warning C4996: 'strcat': This function or variable may be unsafe. Consider using strcat_s instead. To disable deprecation, use _CRT_SECURE_NO_WARNINGS. See online help for details.
  lookup.c
  lpc.c
  lsp.c
  mapping0.c
  mdct.c
..\..\..\lib\mdct.c(79): warning C4456: a declaração de 'i' oculta uma declaração local anterior
  ..\..\..\lib\mdct.c(56): note: consulte a declaração de 'i'
..\..\..\lib\mdct.c(440): warning C4456: a declaração de 'iX' oculta uma declaração local anterior
  ..\..\..\lib\mdct.c(404): note: consulte a declaração de 'iX'
  psy.c
..\..\..\lib\psy.c(239): warning C4456: a declaração de 'bin' oculta uma declaração local anterior
  ..\..\..\lib\psy.c(160): note: consulte a declaração de 'bin'
  registry.c
  res0.c
  sharedbook.c
  smallft.c
  synthesis.c
  vorbisenc.c
  Compilando...
  window.c
     Criando biblioteca C:\Users\leonel\go\src\github.com\g3n\engine\audio\windows\libvorbis-1.3.5\win32\VS2010\x64\Release\libvorbis.lib e objeto C:\Users\leonel\go\src\github.com\g3n\engine\audio\windows\libvorbis-1.3.5\win32\VS2010\x64\Release\libvorbis.exp
  Gerando código
  Finalizada a geração de código
  libvorbis_dynamic.vcxproj -> C:\Users\leonel\go\src\github.com\g3n\engine\audio\windows\libvorbis-1.3.5\win32\VS2010\x64\Release\libvorbis.dll
